*** Starting uWSGI 2.0.11.2 (32bit) on [Fri Nov  6 18:11:40 2015] ***
compiled with version: 4.6.3 on 06 November 2015 16:56:36
os: Linux-3.2.0-23-generic-pae #36-Ubuntu SMP Tue Apr 10 22:19:09 UTC 2012
nodename: precise32
machine: i686
clock source: unix
pcre jit disabled
detected number of CPU cores: 1
current working directory: /vagrant/development/WEB/application/var/www/app
writing pidfile to /var/uwsgi/pids/enpit2015.pid
open("/var/uwsgi/pids/enpit2015.pid"): No such file or directory [core/utils.c line 3579]
*** Starting uWSGI 2.0.11.2 (32bit) on [Fri Nov  6 18:17:32 2015] ***
compiled with version: 4.6.3 on 04 November 2015 10:30:08
os: Linux-3.2.0-23-generic-pae #36-Ubuntu SMP Tue Apr 10 22:19:09 UTC 2012
nodename: precise32
machine: i686
clock source: unix
detected number of CPU cores: 1
current working directory: /vagrant/development/WEB/application/var/www/app
writing pidfile to /var/uwsgi/pids/enpit2015.pid
detected binary path: /usr/local/bin/uwsgi
!!! no internal routing support, rebuild with pcre support !!!
setgid() to 33
setuid() to 33
chdir() to /vagrant/development/WEB/application/var/www/app/
your processes number limit is 2835
your memory page size is 4096 bytes
detected max file descriptor number: 1024
lock engine: pthread robust mutexes
thunder lock: enabled
uwsgi socket 0 bound to UNIX address /var/uwsgi/sockets/enpit2015.sock fd 3
Python version: 2.7.3 (default, Jun 22 2015, 19:59:27)  [GCC 4.6.3]
Python main interpreter initialized at 0x85de1f0
python threads support enabled
your server socket listen backlog is limited to 100 connections
your mercy for graceful operations on workers is 60 seconds
mapped 357000 bytes (348 KB) for 8 cores
*** Operational MODE: preforking+threaded ***
WSGI app 0 (mountpoint='') ready in 1 seconds on interpreter 0x85de1f0 pid: 5211 (default app)
*** uWSGI is running in multiple interpreter mode ***
spawned uWSGI master process (pid: 5211)
spawned uWSGI worker 1 (pid: 5213, cores: 2)
spawned uWSGI worker 2 (pid: 5215, cores: 2)
spawned uWSGI worker 3 (pid: 5216, cores: 2)
spawned uWSGI worker 4 (pid: 5218, cores: 2)
*** Starting uWSGI 2.0.11.2 (32bit) on [Fri Nov  6 18:18:34 2015] ***
compiled with version: 4.6.3 on 06 November 2015 16:56:36
os: Linux-3.2.0-23-generic-pae #36-Ubuntu SMP Tue Apr 10 22:19:09 UTC 2012
nodename: precise32
machine: i686
clock source: unix
pcre jit disabled
detected number of CPU cores: 1
current working directory: /vagrant/development/WEB/application/var/www/app
writing pidfile to /var/uwsgi/pids/enpit2015.pid
open("/var/uwsgi/pids/enpit2015.pid"): Permission denied [core/utils.c line 3579]
*** Starting uWSGI 2.0.11.2 (32bit) on [Fri Nov  6 18:48:21 2015] ***
compiled with version: 4.6.3 on 04 November 2015 10:30:08
os: Linux-3.2.0-23-generic-pae #36-Ubuntu SMP Tue Apr 10 22:19:09 UTC 2012
nodename: precise32
machine: i686
clock source: unix
detected number of CPU cores: 1
current working directory: /vagrant/development/WEB/application/var/www/app
writing pidfile to /var/uwsgi/pids/enpit2015.pid
detected binary path: /usr/local/bin/uwsgi
!!! no internal routing support, rebuild with pcre support !!!
setgid() to 33
setuid() to 33
chdir() to /vagrant/development/WEB/application/var/www/app/
your processes number limit is 2835
your memory page size is 4096 bytes
detected max file descriptor number: 1024
lock engine: pthread robust mutexes
thunder lock: enabled
uwsgi socket 0 bound to UNIX address /var/uwsgi/sockets/enpit2015.sock fd 3
Python version: 2.7.3 (default, Jun 22 2015, 19:59:27)  [GCC 4.6.3]
Python main interpreter initialized at 0x9f3a1f0
python threads support enabled
your server socket listen backlog is limited to 100 connections
your mercy for graceful operations on workers is 60 seconds
mapped 357000 bytes (348 KB) for 8 cores
*** Operational MODE: preforking+threaded ***
WSGI app 0 (mountpoint='') ready in 0 seconds on interpreter 0x9f3a1f0 pid: 13962 (default app)
*** uWSGI is running in multiple interpreter mode ***
spawned uWSGI master process (pid: 13962)
spawned uWSGI worker 1 (pid: 13964, cores: 2)
spawned uWSGI worker 2 (pid: 13965, cores: 2)
spawned uWSGI worker 3 (pid: 13967, cores: 2)
spawned uWSGI worker 4 (pid: 13968, cores: 2)
*** Starting uWSGI 2.0.11.2 (32bit) on [Fri Nov  6 18:48:59 2015] ***
compiled with version: 4.6.3 on 06 November 2015 16:56:36
os: Linux-3.2.0-23-generic-pae #36-Ubuntu SMP Tue Apr 10 22:19:09 UTC 2012
nodename: precise32
machine: i686
clock source: unix
pcre jit disabled
detected number of CPU cores: 1
current working directory: /vagrant/development/WEB/application/var/www/app
writing pidfile to /var/uwsgi/pids/enpit2015.pid
detected binary path: /home/vagrant/.pyenv/versions/2.7.10/bin/uwsgi
chdir() to /vagrant/development/WEB/application/var/www/app/
your processes number limit is 2835
your memory page size is 4096 bytes
detected max file descriptor number: 1024
lock engine: pthread robust mutexes
thunder lock: enabled
uwsgi socket 0 bound to UNIX address /var/uwsgi/sockets/enpit2015.sock fd 3
Python version: 2.7.10 (default, Nov  3 2015, 06:14:53)  [GCC 4.6.3]
Python main interpreter initialized at 0x8701e90
python threads support enabled
your server socket listen backlog is limited to 100 connections
your mercy for graceful operations on workers is 60 seconds
mapped 357000 bytes (348 KB) for 8 cores
*** Operational MODE: preforking+threaded ***
WSGI app 0 (mountpoint='') ready in 0 seconds on interpreter 0x8701e90 pid: 14012 (default app)
*** uWSGI is running in multiple interpreter mode ***
spawned uWSGI master process (pid: 14012)
spawned uWSGI worker 1 (pid: 14013, cores: 2)
spawned uWSGI worker 2 (pid: 14014, cores: 2)
spawned uWSGI worker 3 (pid: 14015, cores: 2)
spawned uWSGI worker 4 (pid: 14016, cores: 2)
[pid: 14013|app: 0|req: 1/1] 192.168.33.1 () {40 vars in 675 bytes} [Fri Nov  6 18:49:15 2015] GET / => generated 19 bytes in 0 msecs (HTTP/1.1 200) 2 headers in 79 bytes (1 switches on core 0)
[pid: 14016|app: 0|req: 1/2] 10.0.2.2 () {38 vars in 641 bytes} [Fri Nov  6 18:49:42 2015] GET / => generated 19 bytes in 0 msecs (HTTP/1.1 200) 2 headers in 79 bytes (1 switches on core 0)
[pid: 14015|app: 0|req: 1/3] 192.168.33.1 () {40 vars in 675 bytes} [Fri Nov  6 18:49:52 2015] GET / => generated 19 bytes in 0 msecs (HTTP/1.1 200) 2 headers in 79 bytes (1 switches on core 0)
[pid: 14014|app: 0|req: 1/4] 10.0.2.2 () {40 vars in 672 bytes} [Fri Nov  6 18:54:07 2015] GET / => generated 19 bytes in 0 msecs (HTTP/1.1 200) 2 headers in 79 bytes (1 switches on core 0)
[pid: 14013|app: 0|req: 2/5] 192.168.33.1 () {40 vars in 675 bytes} [Fri Nov  6 18:54:12 2015] GET / => generated 19 bytes in 0 msecs (HTTP/1.1 200) 2 headers in 79 bytes (1 switches on core 1)
...brutally killing workers...
...brutally killing workers...
...brutally killing workers...
worker 1 buried after 1 seconds
worker 2 buried after 1 seconds
worker 3 buried after 1 seconds
worker 4 buried after 1 seconds
binary reloading uWSGI...
chdir() to /vagrant/development/WEB/application/var/www/app
closing all non-uwsgi socket fds > 2 (max_fd = 1024)...
worker 1 buried after 1 seconds
worker 1 buried after 1 seconds
worker 2 buried after 1 seconds
worker 2 buried after 1 seconds
worker 3 buried after 1 seconds
worker 3 buried after 1 seconds
worker 4 buried after 1 seconds
worker 4 buried after 1 seconds
found fd 3 mapped to socket 0 (/var/uwsgi/sockets/enpit2015.sock)
running /home/vagrant/.pyenv/versions/2.7.10/bin/uwsgi
binary reloading uWSGI...
binary reloading uWSGI...
chdir() to /vagrant/development/WEB/application/var/www/app
chdir() to /vagrant/development/WEB/application/var/www/app
closing all non-uwsgi socket fds > 2 (max_fd = 1024)...
closing all non-uwsgi socket fds > 2 (max_fd = 1024)...
found fd 3 mapped to socket 0 (/var/uwsgi/sockets/enpit2015.sock)
found fd 3 mapped to socket 0 (/var/uwsgi/sockets/enpit2015.sock)
running /usr/local/bin/uwsgi
running /usr/local/bin/uwsgi
[uWSGI] getting INI configuration from enpit2015-uwsgi.ini
[uWSGI] getting INI configuration from enpit2015-uwsgi.ini
*** Starting uWSGI 2.0.11.2 (32bit) on [Fri Nov  6 19:24:08 2015] ***
compiled with version: 4.6.3 on 04 November 2015 10:30:08
*** Starting uWSGI 2.0.11.2 (32bit) on [Fri Nov  6 19:24:08 2015] ***
os: Linux-3.2.0-23-generic-pae #36-Ubuntu SMP Tue Apr 10 22:19:09 UTC 2012
compiled with version: 4.6.3 on 04 November 2015 10:30:08
nodename: precise32
machine: i686
os: Linux-3.2.0-23-generic-pae #36-Ubuntu SMP Tue Apr 10 22:19:09 UTC 2012
nodename: precise32
clock source: unix
detected number of CPU cores: 1
machine: i686
clock source: unix
current working directory: /vagrant/development/WEB/application/var/www/app
detected binary path: /usr/local/bin/uwsgi
detected number of CPU cores: 1
current working directory: /vagrant/development/WEB/application/var/www/app
!!! no internal routing support, rebuild with pcre support !!!
chdir() to /vagrant/development/WEB/application/var/www/app/
detected binary path: /usr/local/bin/uwsgi
!!! no internal routing support, rebuild with pcre support !!!
chdir() to /vagrant/development/WEB/application/var/www/app/
your processes number limit is 2835
your memory page size is 4096 bytes
detected max file descriptor number: 1024
your processes number limit is 2835
your memory page size is 4096 bytes
lock engine: pthread robust mutexes
detected max file descriptor number: 1024
thunder lock: enabled
uwsgi socket 0 inherited UNIX address /var/uwsgi/sockets/enpit2015.sock fd 3
lock engine: pthread robust mutexes
thunder lock: enabled
Python version: 2.7.3 (default, Jun 22 2015, 19:59:27)  [GCC 4.6.3]
uwsgi socket 0 inherited UNIX address /var/uwsgi/sockets/enpit2015.sock fd 3
Python version: 2.7.3 (default, Jun 22 2015, 19:59:27)  [GCC 4.6.3]
[uWSGI] getting INI configuration from enpit2015-uwsgi.ini
*** Starting uWSGI 2.0.11.2 (32bit) on [Fri Nov  6 19:24:09 2015] ***
compiled with version: 4.6.3 on 06 November 2015 16:56:36
os: Linux-3.2.0-23-generic-pae #36-Ubuntu SMP Tue Apr 10 22:19:09 UTC 2012
nodename: precise32
machine: i686
clock source: unix
pcre jit disabled
detected number of CPU cores: 1
current working directory: /vagrant/development/WEB/application/var/www/app
detected binary path: /home/vagrant/.pyenv/versions/2.7.10/bin/uwsgi
chdir() to /vagrant/development/WEB/application/var/www/app/
your processes number limit is 2835
your memory page size is 4096 bytes
detected max file descriptor number: 1024
lock engine: pthread robust mutexes
thunder lock: enabled
Python main interpreter initialized at 0x96bd060
Python main interpreter initialized at 0x98d3060
python threads support enabled
your server socket listen backlog is limited to 100 connections
python threads support enabled
your server socket listen backlog is limited to 100 connections
your mercy for graceful operations on workers is 60 seconds
your mercy for graceful operations on workers is 60 seconds
mapped 357000 bytes (348 KB) for 8 cores
*** Operational MODE: preforking+threaded ***
mapped 357000 bytes (348 KB) for 8 cores
*** Operational MODE: preforking+threaded ***
uwsgi socket 0 inherited UNIX address /var/uwsgi/sockets/enpit2015.sock fd 3
Python version: 2.7.10 (default, Nov  3 2015, 06:14:53)  [GCC 4.6.3]
Python main interpreter initialized at 0x9098e38
python threads support enabled
your server socket listen backlog is limited to 100 connections
your mercy for graceful operations on workers is 60 seconds
mapped 357000 bytes (348 KB) for 8 cores
*** Operational MODE: preforking+threaded ***
WSGI app 0 (mountpoint='') ready in 0 seconds on interpreter 0x9098e38 pid: 14012 (default app)
*** uWSGI is running in multiple interpreter mode ***
gracefully (RE)spawned uWSGI master process (pid: 14012)
spawned uWSGI worker 1 (pid: 14462, cores: 2)
spawned uWSGI worker 2 (pid: 14463, cores: 2)
spawned uWSGI worker 3 (pid: 14464, cores: 2)
spawned uWSGI worker 4 (pid: 14465, cores: 2)
WSGI app 0 (mountpoint='') ready in 0 seconds on interpreter 0x98d3060 pid: 13962 (default app)
*** uWSGI is running in multiple interpreter mode ***
WSGI app 0 (mountpoint='') ready in 0 seconds on interpreter 0x96bd060 pid: 5211 (default app)
gracefully (RE)spawned uWSGI master process (pid: 13962)
*** uWSGI is running in multiple interpreter mode ***
gracefully (RE)spawned uWSGI master process (pid: 5211)
spawned uWSGI worker 1 (pid: 14470, cores: 2)
spawned uWSGI worker 2 (pid: 14471, cores: 2)
spawned uWSGI worker 3 (pid: 14472, cores: 2)
spawned uWSGI worker 4 (pid: 14474, cores: 2)
spawned uWSGI worker 1 (pid: 14476, cores: 2)
spawned uWSGI worker 2 (pid: 14477, cores: 2)
spawned uWSGI worker 3 (pid: 14479, cores: 2)
spawned uWSGI worker 4 (pid: 14481, cores: 2)
